[	22-04-2020 01:54:36	] [KICK ACTION] Player: Chico-Terry has kicked: panxito7 for: You have been kicked. Reason: hacer animaciones sin sentido en un rol de peso.
[	22-04-2020 02:28:37	] [KICK ACTION] Player: ClaudioIG has kicked: DonRybal for: You have been kicked. Reason: AQUI NO COMPADRE.
[	23-04-2020 23:58:29	] [KICK ACTION] Player: ClaudioIG has kicked: TitiinLT for: You have been kicked. Reason: asd.
[	24-04-2020 00:38:49	] [KICK ACTION] Player: ClaudioIG has kicked: djrafacastillo for: You have been kicked. Reason: qsad.
[	24-04-2020 00:44:55	] [KICK ACTION] Player: ClaudioIG has kicked: djrafacastillo for: You have been kicked. Reason: sv OOF.
[	24-04-2020 00:56:07	] [KICK ACTION] Player: ClaudioIG has kicked: panxito7 for: You have been kicked. Reason: asd.
[	24-04-2020 00:57:06	] [KICK ACTION] Player: ClaudioIG has kicked: panxito7 for: You have been kicked. Reason: SERVIDOR DE PRUEBA.
[	24-04-2020 01:07:52	] [KICK ACTION] Player: ClaudioIG has kicked: Aynara Love <3 for: You have been kicked. Reason: SERVIDOR EN PRUEBA.
[	24-04-2020 01:09:26	] [KICK ACTION] Player: ClaudioIG has kicked: Aynara Love <3 for: You have been kicked. Reason: SERVIDOR EN TESTEO.
[	24-04-2020 01:15:34	] [KICK ACTION] Player: ClaudioIG has kicked: Seba0ne for: You have been kicked. Reason: SERVIDOR EN TESTEO.
[	24-04-2020 01:28:08	] [KICK ACTION] Player: ClaudioIG has kicked: StandFox for: You have been kicked. Reason: SERVER EN TESTEO.
[	24-04-2020 01:39:48	] [KICK ACTION] Player: ClaudioIG has kicked: Aaronplay for: You have been kicked. Reason: SERVER DE PRUEBA.
[	24-04-2020 01:44:44	] [KICK ACTION] Player: ClaudioIG has kicked: Jimmy :3 for: You have been kicked. Reason: SERVER EN TESTEO.
[	24-04-2020 03:43:29	] [KICK ACTION] Player: ClaudioIG has kicked: BraianB7 for: You have been kicked. Reason: SERVIDOR EN TESTEO.
[	24-04-2020 03:48:46	] [KICK ACTION] Player: ClaudioIG has kicked: Benjamin for: You have been kicked. Reason: ASD.
[	24-04-2020 03:48:50	] [KICK ACTION] Player: ClaudioIG has kicked: BraianB7 for: You have been kicked. Reason: asd.
[	24-04-2020 03:48:51	] [KICK ACTION] Player: Chucky has kicked:  for: You have been kicked. Reason: dsa.
[	24-04-2020 05:14:55	] [KICK ACTION] Player: ClaudioIG has kicked: alexthesiner for: You have been kicked. Reason: asdasda.
[	24-04-2020 16:47:42	] [KICK ACTION] Player: ClaudioIG has kicked: Seboop215 for: You have been kicked. Reason: SERVER EN TESTEO.
[	24-04-2020 20:13:06	] [KICK ACTION] Player: ClaudioIG has kicked: Tongsito for: You have been kicked. Reason: asdasdasd.
[	24-04-2020 22:27:56	] [KICK ACTION] Player: ClaudioIG has kicked: Tongsito for: You have been kicked. Reason: asd.
[	24-04-2020 22:30:54	] [KICK ACTION] Player: ClaudioIG has kicked: Tongsito for: You have been kicked. Reason: asdasdads.
[	24-04-2020 23:20:35	] [KICK ACTION] Player: TheZzenKy has kicked: Killua Zoldyck for: You have been kicked. Reason: sDSADASD.
[	24-04-2020 23:20:40	] [KICK ACTION] Player: Checho has kicked: ShaiNo for: You have been kicked. Reason: a.
[	24-04-2020 23:21:53	] [KICK ACTION] Player: ClaudioIG has kicked: HaterGuy for: You have been kicked. Reason: ads.
[	24-04-2020 23:21:55	] [KICK ACTION] Player: Checho has kicked:  for: You have been kicked. Reason: q.
[	24-04-2020 23:21:59	] [KICK ACTION] Player: ClaudioIG has kicked: Killua Zoldyck for: You have been kicked. Reason: asd.
[	24-04-2020 23:22:00	] [KICK ACTION] Player: Checho has kicked:  for: You have been kicked. Reason: a.
[	24-04-2020 23:22:03	] [KICK ACTION] Player: ClaudioIG has kicked: Mtacey for: You have been kicked. Reason: asd.
[	24-04-2020 23:22:09	] [KICK ACTION] Player: Checho has kicked:  for: You have been kicked. Reason: a.
[	25-04-2020 03:03:21	] [BAN ACTION] A new ban record has been added. Player: 'MatiasZK' was banned by 'Chico-Terry' for 'Banned by staff.' until '01/01/3000 0:00:00'.
[	25-04-2020 03:18:38	] [BAN ACTION] A new ban record has been added. Player: 'Soy Un Dinosaurio grrrrrrrrr' was banned by 'ClaudioIG' for 'Banned by staff.asdasd' until '01/01/3000 0:00:00'.
[	25-04-2020 20:56:04	] [BAN ACTION] A new ban record has been added. Player: 'Patriciox' was banned by 'Chico-Terry' for 'forzar el rol con los policias ' until '25/04/2020 22:26:04'.
